<?xml version="1.0" encoding="UTF-8"?>
<testsuite xmlns:xsi="http://www.w3.org/2001/XMLSchema-instance" xsi:noNamespaceSchemaLocation="https://maven.apache.org/surefire/maven-surefire-plugin/xsd/surefire-test-report-3.0.xsd" version="3.0" name="com.telusko.quiz_service.QuizServiceApplicationTests" time="11.667" tests="1" errors="0" skipped="0" failures="0">
  <properties>
[...]
</properties>
  <testcase name="contextLoads" classname="com.telusko.quiz_service.QuizServiceApplicationTests" time="1.394">
    <system-out><![CDATA[17:47:55.378 [main] INFO org.springframework.test.context.support.AnnotationConfigContextLoaderUtils -- Could not detect default configuration classes for test class [com.telusko.quiz_service.QuizServiceApplicationTests]: QuizServiceApplicationTests does not declare any static, non-private, non-final, nested classes annotated with @Configuration.
17:47:55.622 [main] INFO org.springframework.boot.test.context.SpringBootTestContextBootstrapper -- Found @SpringBootConfiguration com.telusko.quiz_service.QuizServiceApplication for test class com.telusko.quiz_service.QuizServiceApplicationTests

  .   ____          _            __ _ _
 /\\ / ___'_ __ _ _(_)_ __  __ _ \ \ \ \
( ( )\___ | '_ | '_| | '_ \/ _` | \ \ \ \
 \\/  ___)| |_)| | | | | || (_| |  ) ) ) )
  '  |____| .__|_| |_|_| |_\__, | / / / /
 =========|_|==============|___/=/_/_/_/
 :: Spring Boot ::                (v3.2.4)

2025-11-29T17:47:57.755+05:30  INFO 47196 --- [quiz-service] [           main] c.t.q.QuizServiceApplicationTests        : Starting QuizServiceApplicationTests using Java 18.0.2 with PID 47196 (started by KIIT in C:\Users\KIIT\Downloads\DailyWork\28Nov\quiz-service)
2025-11-29T17:47:57.756+05:30  INFO 47196 --- [quiz-service] [           main] c.t.q.QuizServiceApplicationTests        : No active profile set, falling back to 1 default profile: "default"
2025-11-29T17:47:58.936+05:30  INFO 47196 --- [quiz-service] [           main] .s.d.r.c.RepositoryConfigurationDelegate : Bootstrapping Spring Data MongoDB repositories in DEFAULT mode.
2025-11-29T17:47:59.223+05:30  INFO 47196 --- [quiz-service] [           main] .s.d.r.c.RepositoryConfigurationDelegate : Finished Spring Data repository scanning in 277 ms. Found 1 MongoDB repository interface.
2025-11-29T17:47:59.737+05:30  INFO 47196 --- [quiz-service] [           main] o.s.cloud.context.scope.GenericScope     : BeanFactory id=316af545-350c-375b-806a-5356e83e7c84
2025-11-29T17:47:59.959+05:30  WARN 47196 --- [quiz-service] [           main] trationDelegate$BeanPostProcessorChecker : Bean 'org.springframework.cloud.client.loadbalancer.LoadBalancerAutoConfiguration$DeferringLoadBalancerInterceptorConfig' of type [org.springframework.cloud.client.loadbalancer.LoadBalancerAutoConfiguration$DeferringLoadBalancerInterceptorConfig] is not eligible for getting processed by all BeanPostProcessors (for example: not eligible for auto-proxying). The currently created BeanPostProcessor [lbRestClientPostProcessor] is declared through a non-static factory method on that class; consider declaring it as static instead.
2025-11-29T17:47:59.964+05:30  WARN 47196 --- [quiz-service] [           main] trationDelegate$BeanPostProcessorChecker : Bean 'deferringLoadBalancerInterceptor' of type [org.springframework.cloud.client.loadbalancer.DeferringLoadBalancerInterceptor] is not eligible for getting processed by all BeanPostProcessors (for example: not eligible for auto-proxying). Is this bean getting eagerly injected into a currently created BeanPostProcessor [lbRestClientPostProcessor]? Check the corresponding BeanPostProcessor declaration and its dependencies.
2025-11-29T17:48:00.517+05:30  INFO 47196 --- [quiz-service] [           main] org.mongodb.driver.client                : MongoClient with metadata {"driver": {"name": "mongo-java-driver|sync|spring-boot", "version": "4.11.1"}, "os": {"type": "Windows", "name": "Windows 11", "architecture": "amd64", "version": "10.0"}, "platform": "Java/Oracle Corporation/18.0.2+9-61"} created with settings MongoClientSettings{readPreference=primary, writeConcern=WriteConcern{w=null, wTimeout=null ms, journal=null}, retryWrites=true, retryReads=true, readConcern=ReadConcern{level=null}, credential=null, transportSettings=null, streamFactoryFactory=null, commandListeners=[], codecRegistry=ProvidersCodecRegistry{codecProviders=[ValueCodecProvider{}, BsonValueCodecProvider{}, DBRefCodecProvider{}, DBObjectCodecProvider{}, DocumentCodecProvider{}, CollectionCodecProvider{}, IterableCodecProvider{}, MapCodecProvider{}, GeoJsonCodecProvider{}, GridFSFileCodecProvider{}, Jsr310CodecProvider{}, JsonObjectCodecProvider{}, BsonCodecProvider{}, EnumCodecProvider{}, com.mongodb.client.model.mql.ExpressionCodecProvider@15214920, com.mongodb.Jep395RecordCodecProvider@784d9bc, com.mongodb.KotlinCodecProvider@3a0aaaf0]}, loggerSettings=LoggerSettings{maxDocumentLength=1000}, clusterSettings={hosts=[localhost:27017], srvServiceName=mongodb, mode=SINGLE, requiredClusterType=UNKNOWN, requiredReplicaSetName='null', serverSelector='null', clusterListeners='[]', serverSelectionTimeout='30000 ms', localThreshold='15 ms'}, socketSettings=SocketSettings{connectTimeoutMS=10000, readTimeoutMS=0, receiveBufferSize=0, proxySettings=ProxySettings{host=null, port=null, username=null, password=null}}, heartbeatSocketSettings=SocketSettings{connectTimeoutMS=10000, readTimeoutMS=10000, receiveBufferSize=0, proxySettings=ProxySettings{host=null, port=null, username=null, password=null}}, connectionPoolSettings=ConnectionPoolSettings{maxSize=100, minSize=0, maxWaitTimeMS=120000, maxConnectionLifeTimeMS=0, maxConnectionIdleTimeMS=0, maintenanceInitialDelayMS=0, maintenanceFrequencyMS=60000, connectionPoolListeners=[], maxConnecting=2}, serverSettings=ServerSettings{heartbeatFrequencyMS=10000, minHeartbeatFrequencyMS=500, serverListeners='[]', serverMonitorListeners='[]'}, sslSettings=SslSettings{enabled=false, invalidHostNameAllowed=false, context=null}, applicationName='null', compressorList=[], uuidRepresentation=JAVA_LEGACY, serverApi=null, autoEncryptionSettings=null, dnsClient=null, inetAddressResolver=null, contextProvider=null}
2025-11-29T17:48:00.576+05:30  INFO 47196 --- [quiz-service] [localhost:27017] org.mongodb.driver.cluster               : Monitor thread successfully connected to server with description ServerDescription{address=localhost:27017, type=STANDALONE, state=CONNECTED, ok=true, minWireVersion=0, maxWireVersion=27, maxDocumentSize=16777216, logicalSessionTimeoutMinutes=30, roundTripTimeNanos=57095800}
2025-11-29T17:48:03.360+05:30  INFO 47196 --- [quiz-service] [           main] DiscoveryClientOptionalArgsConfiguration : Eureka HTTP Client uses RestTemplate.
2025-11-29T17:48:03.445+05:30  WARN 47196 --- [quiz-service] [           main] iguration$LoadBalancerCaffeineWarnLogger : Spring Cloud LoadBalancer is currently working with the default cache. While this cache implementation is useful for development and tests, it's recommended to use Caffeine cache in production.You can switch to using Caffeine cache, by adding it and org.springframework.cache.caffeine.CaffeineCacheManager to the classpath.
2025-11-29T17:48:03.543+05:30  INFO 47196 --- [quiz-service] [           main] o.s.c.n.eureka.InstanceInfoFactory       : Setting initial instance status as: STARTING
2025-11-29T17:48:03.720+05:30  INFO 47196 --- [quiz-service] [           main] com.netflix.discovery.DiscoveryClient    : Initializing Eureka in region us-east-1
2025-11-29T17:48:03.733+05:30  INFO 47196 --- [quiz-service] [           main] c.n.d.s.r.aws.ConfigClusterResolver      : Resolving eureka endpoints via configuration
2025-11-29T17:48:03.784+05:30  INFO 47196 --- [quiz-service] [           main] com.netflix.discovery.DiscoveryClient    : Disable delta property : false
2025-11-29T17:48:03.784+05:30  INFO 47196 --- [quiz-service] [           main] com.netflix.discovery.DiscoveryClient    : Single vip registry refresh property : null
2025-11-29T17:48:03.784+05:30  INFO 47196 --- [quiz-service] [           main] com.netflix.discovery.DiscoveryClient    : Force full registry fetch : false
2025-11-29T17:48:03.784+05:30  INFO 47196 --- [quiz-service] [           main] com.netflix.discovery.DiscoveryClient    : Application is null : false
2025-11-29T17:48:03.785+05:30  INFO 47196 --- [quiz-service] [           main] com.netflix.discovery.DiscoveryClient    : Registered Applications size is zero : true
2025-11-29T17:48:03.785+05:30  INFO 47196 --- [quiz-service] [           main] com.netflix.discovery.DiscoveryClient    : Application version is -1: true
2025-11-29T17:48:03.785+05:30  INFO 47196 --- [quiz-service] [           main] com.netflix.discovery.DiscoveryClient    : Getting all instance registry info from the eureka server
2025-11-29T17:48:05.119+05:30  INFO 47196 --- [quiz-service] [           main] com.netflix.discovery.DiscoveryClient    : The response status is 200
2025-11-29T17:48:05.123+05:30  INFO 47196 --- [quiz-service] [           main] com.netflix.discovery.DiscoveryClient    : Starting heartbeat executor: renew interval is: 10
2025-11-29T17:48:05.127+05:30  INFO 47196 --- [quiz-service] [           main] c.n.discovery.InstanceInfoReplicator     : InstanceInfoReplicator onDemand update allowed rate per min is 4
2025-11-29T17:48:05.137+05:30  INFO 47196 --- [quiz-service] [           main] com.netflix.discovery.DiscoveryClient    : Discovery Client initialized at timestamp 1764418685135 with initial instances count: 0
2025-11-29T17:48:05.139+05:30  INFO 47196 --- [quiz-service] [           main] o.s.c.n.e.s.EurekaServiceRegistry        : Registering application QUIZ-SERVICE with eureka with status UP
2025-11-29T17:48:05.141+05:30  INFO 47196 --- [quiz-service] [           main] com.netflix.discovery.DiscoveryClient    : Saw local status change event StatusChangeEvent [timestamp=1764418685141, current=UP, previous=STARTING]
2025-11-29T17:48:05.144+05:30  INFO 47196 --- [quiz-service] [nfoReplicator-0] com.netflix.discovery.DiscoveryClient    : DiscoveryClient_QUIZ-SERVICE/quiz-service:8082: registering service...
2025-11-29T17:48:05.191+05:30  INFO 47196 --- [quiz-service] [           main] c.t.q.QuizServiceApplicationTests        : Started QuizServiceApplicationTests in 9.214 seconds (process running for 11.456)
2025-11-29T17:48:05.545+05:30  INFO 47196 --- [quiz-service] [nfoReplicator-0] com.netflix.discovery.DiscoveryClient    : DiscoveryClient_QUIZ-SERVICE/quiz-service:8082 - registration status: 204
]]></system-out>
  </testcase>
</testsuite>